<?xml version="1.0" encoding="UTF-8"?>
<testsuite name="com.example.board.BoardApplicationTests" tests="1" skipped="0" failures="0" errors="0" timestamp="2025-12-17T08:07:36.443Z" hostname="BOOK-6Q667FM14I" time="0.513">
  <properties/>
  <testcase name="contextLoads()" classname="com.example.board.BoardApplicationTests" time="0.513"/>
  <system-out><![CDATA[17:07:28.176 [Test worker] INFO org.springframework.test.context.support.AnnotationConfigContextLoaderUtils -- Could not detect default configuration classes for test class [com.example.board.BoardApplicationTests]: BoardApplicationTests does not declare any static, non-private, non-final, nested classes annotated with @Configuration.
17:07:28.344 [Test worker] INFO org.springframework.boot.test.context.SpringBootTestContextBootstrapper -- Found @SpringBootConfiguration com.example.board.BoardApplication for test class com.example.board.BoardApplicationTests

  .   ____          _            __ _ _
 /\\ / ___'_ __ _ _(_)_ __  __ _ \ \ \ \
( ( )\___ | '_ | '_| | '_ \/ _` | \ \ \ \
 \\/  ___)| |_)| | | | | || (_| |  ) ) ) )
  '  |____| .__|_| |_|_| |_\__, | / / / /
 =========|_|==============|___/=/_/_/_/

 :: Spring Boot ::                (v3.5.8)

2025-12-17T17:07:28.920+09:00  INFO 40536 --- [board] [    Test worker] c.example.board.BoardApplicationTests    : Starting BoardApplicationTests using Java 17 with PID 40536 (started by rhkdd in C:\source\backend\board)
2025-12-17T17:07:28.922+09:00  INFO 40536 --- [board] [    Test worker] c.example.board.BoardApplicationTests    : No active profile set, falling back to 1 default profile: "default"
2025-12-17T17:07:30.069+09:00  INFO 40536 --- [board] [    Test worker] .s.d.r.c.RepositoryConfigurationDelegate : Bootstrapping Spring Data JPA repositories in DEFAULT mode.
2025-12-17T17:07:30.190+09:00  INFO 40536 --- [board] [    Test worker] .s.d.r.c.RepositoryConfigurationDelegate : Finished Spring Data repository scanning in 107 ms. Found 4 JPA repository interfaces.
2025-12-17T17:07:31.232+09:00  INFO 40536 --- [board] [    Test worker] o.hibernate.jpa.internal.util.LogHelper  : HHH000204: Processing PersistenceUnitInfo [name: default]
2025-12-17T17:07:31.342+09:00  INFO 40536 --- [board] [    Test worker] org.hibernate.Version                    : HHH000412: Hibernate ORM core version 6.6.36.Final
2025-12-17T17:07:31.401+09:00  INFO 40536 --- [board] [    Test worker] o.h.c.internal.RegionFactoryInitiator    : HHH000026: Second-level cache disabled
2025-12-17T17:07:31.833+09:00  INFO 40536 --- [board] [    Test worker] o.s.o.j.p.SpringPersistenceUnitInfo      : No LoadTimeWeaver setup: ignoring JPA class transformer
2025-12-17T17:07:31.881+09:00  INFO 40536 --- [board] [    Test worker] com.zaxxer.hikari.HikariDataSource       : HikariPool-1 - Starting...
2025-12-17T17:07:32.290+09:00  INFO 40536 --- [board] [    Test worker] com.zaxxer.hikari.pool.HikariPool        : HikariPool-1 - Added connection com.mysql.cj.jdbc.ConnectionImpl@41581c3f
2025-12-17T17:07:32.294+09:00  INFO 40536 --- [board] [    Test worker] com.zaxxer.hikari.HikariDataSource       : HikariPool-1 - Start completed.
2025-12-17T17:07:32.421+09:00  INFO 40536 --- [board] [    Test worker] org.hibernate.orm.connections.pooling    : HHH10001005: Database info:
	Database JDBC URL [Connecting through datasource 'HikariDataSource (HikariPool-1)']
	Database driver: undefined/unknown
	Database version: 8.0.43
	Autocommit mode: undefined/unknown
	Isolation level: undefined/unknown
	Minimum pool size: undefined/unknown
	Maximum pool size: undefined/unknown
2025-12-17T17:07:33.879+09:00  INFO 40536 --- [board] [    Test worker] o.h.e.t.j.p.i.JtaPlatformInitiator       : HHH000489: No JTA platform available (set 'hibernate.transaction.jta.platform' to enable JTA platform integration)
2025-12-17T17:07:34.000+09:00  INFO 40536 --- [board] [    Test worker] j.LocalContainerEntityManagerFactoryBean : Initialized JPA EntityManagerFactory for persistence unit 'default'
2025-12-17T17:07:34.554+09:00  INFO 40536 --- [board] [    Test worker] o.s.d.j.r.query.QueryEnhancerFactory     : Hibernate is in classpath; If applicable, HQL parser will be used.
2025-12-17T17:07:35.587+09:00  WARN 40536 --- [board] [    Test worker] JpaBaseConfiguration$JpaWebConfiguration : spring.jpa.open-in-view is enabled by default. Therefore, database queries may be performed during view rendering. Explicitly configure spring.jpa.open-in-view to disable this warning
2025-12-17T17:07:36.411+09:00  INFO 40536 --- [board] [    Test worker] c.example.board.BoardApplicationTests    : Started BoardApplicationTests in 7.872 seconds (process running for 9.304)
]]></system-out>
  <system-err><![CDATA[]]></system-err>
</testsuite>
