<?xml version="1.0" encoding="UTF-8"?>
<testsuite name="com.example.board.BoardApplicationTests" tests="1" skipped="0" failures="0" errors="0" timestamp="2025-12-12T09:14:33.972Z" hostname="BOOK-6Q667FM14I" time="0.413">
  <properties/>
  <testcase name="contextLoads()" classname="com.example.board.BoardApplicationTests" time="0.413"/>
  <system-out><![CDATA[18:14:22.990 [Test worker] INFO org.springframework.test.context.support.AnnotationConfigContextLoaderUtils -- Could not detect default configuration classes for test class [com.example.board.BoardApplicationTests]: BoardApplicationTests does not declare any static, non-private, non-final, nested classes annotated with @Configuration.
18:14:23.179 [Test worker] INFO org.springframework.boot.test.context.SpringBootTestContextBootstrapper -- Found @SpringBootConfiguration com.example.board.BoardApplication for test class com.example.board.BoardApplicationTests

  .   ____          _            __ _ _
 /\\ / ___'_ __ _ _(_)_ __  __ _ \ \ \ \
( ( )\___ | '_ | '_| | '_ \/ _` | \ \ \ \
 \\/  ___)| |_)| | | | | || (_| |  ) ) ) )
  '  |____| .__|_| |_|_| |_\__, | / / / /
 =========|_|==============|___/=/_/_/_/

 :: Spring Boot ::                (v3.5.8)

2025-12-12T18:14:23.871+09:00  INFO 26732 --- [board] [    Test worker] c.example.board.BoardApplicationTests    : Starting BoardApplicationTests using Java 17 with PID 26732 (started by rhkdd in C:\source\backend\board)
2025-12-12T18:14:23.873+09:00  INFO 26732 --- [board] [    Test worker] c.example.board.BoardApplicationTests    : No active profile set, falling back to 1 default profile: "default"
2025-12-12T18:14:25.508+09:00  INFO 26732 --- [board] [    Test worker] .s.d.r.c.RepositoryConfigurationDelegate : Bootstrapping Spring Data JPA repositories in DEFAULT mode.
2025-12-12T18:14:25.697+09:00  INFO 26732 --- [board] [    Test worker] .s.d.r.c.RepositoryConfigurationDelegate : Finished Spring Data repository scanning in 142 ms. Found 4 JPA repository interfaces.
2025-12-12T18:14:26.985+09:00  INFO 26732 --- [board] [    Test worker] o.hibernate.jpa.internal.util.LogHelper  : HHH000204: Processing PersistenceUnitInfo [name: default]
2025-12-12T18:14:27.138+09:00  INFO 26732 --- [board] [    Test worker] org.hibernate.Version                    : HHH000412: Hibernate ORM core version 6.6.36.Final
2025-12-12T18:14:27.191+09:00  INFO 26732 --- [board] [    Test worker] o.h.c.internal.RegionFactoryInitiator    : HHH000026: Second-level cache disabled
2025-12-12T18:14:27.560+09:00  INFO 26732 --- [board] [    Test worker] o.s.o.j.p.SpringPersistenceUnitInfo      : No LoadTimeWeaver setup: ignoring JPA class transformer
2025-12-12T18:14:27.606+09:00  INFO 26732 --- [board] [    Test worker] com.zaxxer.hikari.HikariDataSource       : HikariPool-1 - Starting...
2025-12-12T18:14:28.116+09:00  INFO 26732 --- [board] [    Test worker] com.zaxxer.hikari.pool.HikariPool        : HikariPool-1 - Added connection com.mysql.cj.jdbc.ConnectionImpl@455d04d2
2025-12-12T18:14:28.120+09:00  INFO 26732 --- [board] [    Test worker] com.zaxxer.hikari.HikariDataSource       : HikariPool-1 - Start completed.
2025-12-12T18:14:28.268+09:00  INFO 26732 --- [board] [    Test worker] org.hibernate.orm.connections.pooling    : HHH10001005: Database info:
	Database JDBC URL [Connecting through datasource 'HikariDataSource (HikariPool-1)']
	Database driver: undefined/unknown
	Database version: 8.0.43
	Autocommit mode: undefined/unknown
	Isolation level: undefined/unknown
	Minimum pool size: undefined/unknown
	Maximum pool size: undefined/unknown
2025-12-12T18:14:29.541+09:00  INFO 26732 --- [board] [    Test worker] o.h.e.t.j.p.i.JtaPlatformInitiator       : HHH000489: No JTA platform available (set 'hibernate.transaction.jta.platform' to enable JTA platform integration)
2025-12-12T18:14:29.682+09:00  INFO 26732 --- [board] [    Test worker] j.LocalContainerEntityManagerFactoryBean : Initialized JPA EntityManagerFactory for persistence unit 'default'
2025-12-12T18:14:30.197+09:00  INFO 26732 --- [board] [    Test worker] o.s.d.j.r.query.QueryEnhancerFactory     : Hibernate is in classpath; If applicable, HQL parser will be used.
2025-12-12T18:14:32.531+09:00  WARN 26732 --- [board] [    Test worker] JpaBaseConfiguration$JpaWebConfiguration : spring.jpa.open-in-view is enabled by default. Therefore, database queries may be performed during view rendering. Explicitly configure spring.jpa.open-in-view to disable this warning
2025-12-12T18:14:33.951+09:00  INFO 26732 --- [board] [    Test worker] c.example.board.BoardApplicationTests    : Started BoardApplicationTests in 10.558 seconds (process running for 12.333)
]]></system-out>
  <system-err><![CDATA[]]></system-err>
</testsuite>
