<?xml version="1.0" encoding="UTF-8"?>
<testsuite name="com.example.board.repository.BoardRepositoryTest" tests="11" skipped="11" failures="0" errors="0" timestamp="2025-12-17T08:07:36.964Z" hostname="BOOK-6Q667FM14I" time="0.001">
  <properties/>
  <testcase name="getBoardWithWriterListTest()" classname="com.example.board.repository.BoardRepositoryTest" time="0.0">
    <skipped/>
  </testcase>
  <testcase name="insertMemberTest()" classname="com.example.board.repository.BoardRepositoryTest" time="0.001">
    <skipped/>
  </testcase>
  <testcase name="insertReplyTest2()" classname="com.example.board.repository.BoardRepositoryTest" time="0.0">
    <skipped/>
  </testcase>
  <testcase name="insertBoardTest()" classname="com.example.board.repository.BoardRepositoryTest" time="0.0">
    <skipped/>
  </testcase>
  <testcase name="getBoardByBnoTest()" classname="com.example.board.repository.BoardRepositoryTest" time="0.0">
    <skipped/>
  </testcase>
  <testcase name="readBoardTest()" classname="com.example.board.repository.BoardRepositoryTest" time="0.0">
    <skipped/>
  </testcase>
  <testcase name="getBoardWithWriterTest()" classname="com.example.board.repository.BoardRepositoryTest" time="0.0">
    <skipped/>
  </testcase>
  <testcase name="listTest()" classname="com.example.board.repository.BoardRepositoryTest" time="0.0">
    <skipped/>
  </testcase>
  <testcase name="getBoardWithWriterTest2()" classname="com.example.board.repository.BoardRepositoryTest" time="0.0">
    <skipped/>
  </testcase>
  <testcase name="deleteByBnoTest()" classname="com.example.board.repository.BoardRepositoryTest" time="0.0">
    <skipped/>
  </testcase>
  <testcase name="insertReplyTest()" classname="com.example.board.repository.BoardRepositoryTest" time="0.0">
    <skipped/>
  </testcase>
  <system-out><![CDATA[]]></system-out>
  <system-err><![CDATA[]]></system-err>
</testsuite>
